0 info it worked if it ends with ok
1 verbose cli [ 'C:\\Program Files\\nodejs\\\\node.exe',
1 verbose cli   'C:\\Program Files\\nodejs\\node_modules\\npm\\bin\\npm-cli.js',
1 verbose cli   'install',
1 verbose cli   '-',
1 verbose cli   'g',
1 verbose cli   'nodemon' ]
2 info using npm@2.5.1
3 info using node@v0.12.0
4 verbose node symlink C:\Program Files\nodejs\\node.exe
5 warn package.json Quick@0.0.4 No repository field.
6 warn package.json Quick@0.0.4 No README data
7 silly cache add args [ '-', null ]
8 verbose cache add spec -
9 silly cache add args [ 'g', null ]
10 verbose cache add spec g
11 silly cache add args [ 'nodemon', null ]
12 verbose cache add spec nodemon
13 silly cache add parsed spec { raw: '-',
13 silly cache add   scope: null,
13 silly cache add   name: null,
13 silly cache add   rawSpec: '-',
13 silly cache add   spec: 'D:\\node\\QR_try\\-',
13 silly cache add   type: 'local' }
14 silly cache add parsed spec { raw: 'g',
14 silly cache add   scope: null,
14 silly cache add   name: 'g',
14 silly cache add   rawSpec: '',
14 silly cache add   spec: '*',
14 silly cache add   type: 'range' }
15 verbose addNamed g@*
16 silly addNamed semver.valid null
17 silly addNamed semver.validRange *
18 silly addNameRange { name: 'g', range: '*', hasData: false }
19 silly mapToRegistry name g
20 silly mapToRegistry using default registry
21 silly mapToRegistry registry https://registry.npmjs.org/
22 silly mapToRegistry uri https://registry.npmjs.org/g
23 verbose addNameRange registry:https://registry.npmjs.org/g not in flight; fetching
24 silly cache add parsed spec { raw: 'nodemon',
24 silly cache add   scope: null,
24 silly cache add   name: 'nodemon',
24 silly cache add   rawSpec: '',
24 silly cache add   spec: '*',
24 silly cache add   type: 'range' }
25 verbose addNamed nodemon@*
26 silly addNamed semver.valid null
27 silly addNamed semver.validRange *
28 silly addNameRange { name: 'nodemon', range: '*', hasData: false }
29 silly mapToRegistry name nodemon
30 silly mapToRegistry using default registry
31 silly mapToRegistry registry https://registry.npmjs.org/
32 silly mapToRegistry uri https://registry.npmjs.org/nodemon
33 verbose addNameRange registry:https://registry.npmjs.org/nodemon not in flight; fetching
34 error addLocal Could not install D:\node\QR_try\-
35 verbose request uri https://registry.npmjs.org/g
36 verbose request no auth needed
37 info attempt registry request try #1 at 9:20:41 AM
38 verbose request id 937418013d50232c
39 verbose etag "9LJ7GTURI985T1RPALSMVYQG0"
40 http request GET https://registry.npmjs.org/g
41 verbose request uri https://registry.npmjs.org/nodemon
42 verbose request no auth needed
43 info attempt registry request try #1 at 9:20:41 AM
44 verbose etag "CDM85S8NNZEQ6BSIENGC7J2FC"
45 http request GET https://registry.npmjs.org/nodemon
46 info retry will retry, error on last attempt: Error: connect ETIMEDOUT
47 info retry will retry, error on last attempt: Error: connect ETIMEDOUT
48 info attempt registry request try #2 at 9:21:12 AM
49 verbose etag "9LJ7GTURI985T1RPALSMVYQG0"
50 http request GET https://registry.npmjs.org/g
51 info attempt registry request try #2 at 9:21:13 AM
52 verbose etag "CDM85S8NNZEQ6BSIENGC7J2FC"
53 http request GET https://registry.npmjs.org/nodemon
54 info retry will retry, error on last attempt: Error: connect ETIMEDOUT
55 info retry will retry, error on last attempt: Error: connect ETIMEDOUT
56 info attempt registry request try #3 at 9:22:34 AM
57 verbose etag "9LJ7GTURI985T1RPALSMVYQG0"
58 http request GET https://registry.npmjs.org/g
59 info attempt registry request try #3 at 9:22:35 AM
60 verbose etag "CDM85S8NNZEQ6BSIENGC7J2FC"
61 http request GET https://registry.npmjs.org/nodemon
62 http 200 https://registry.npmjs.org/g
63 silly get cb [ 200,
63 silly get   { date: 'Mon, 06 Apr 2015 06:22:35 GMT',
63 silly get     server: 'CouchDB/1.5.0 (Erlang OTP/R16B03)',
63 silly get     etag: '"8AYIUDSUHLGXZT7X52XKA2O0S"',
63 silly get     'content-type': 'application/json',
63 silly get     'cache-control': 'max-age=60',
63 silly get     'content-length': '6814',
63 silly get     'accept-ranges': 'bytes',
63 silly get     via: '1.1 varnish',
63 silly get     age: '0',
63 silly get     'x-served-by': 'cache-fra1242-FRA',
63 silly get     'x-cache': 'MISS',
63 silly get     'x-cache-hits': '0',
63 silly get     'x-timer': 'S1428301355.395666,VS0,VE189',
63 silly get     vary: 'Accept',
63 silly get     'keep-alive': 'timeout=10, max=50',
63 silly get     connection: 'Keep-Alive' } ]
64 verbose get saving g to C:\Documents and Settings\Administrator\Application Data\npm-cache\registry.npmjs.org\g\.cache.json
65 silly addNameRange number 2 { name: 'g', range: '*', hasData: true }
66 silly addNameRange versions [ 'g',
66 silly addNameRange   [ '1.0.0', '1.0.1', '1.0.2', '1.0.3', '1.0.4', '1.0.5', '2.0.0' ] ]
67 verbose addNamed g@2.0.0
68 silly addNamed semver.valid 2.0.0
69 silly addNamed semver.validRange 2.0.0
70 silly cache afterAdd g@2.0.0
71 verbose afterAdd C:\Documents and Settings\Administrator\Application Data\npm-cache\g\2.0.0\package\package.json not in flight; writing
72 verbose afterAdd C:\Documents and Settings\Administrator\Application Data\npm-cache\g\2.0.0\package\package.json written
73 http 200 https://registry.npmjs.org/nodemon
74 silly get cb [ 200,
74 silly get   { date: 'Mon, 06 Apr 2015 06:22:36 GMT',
74 silly get     server: 'CouchDB/1.5.0 (Erlang OTP/R16B03)',
74 silly get     etag: '"DNOT0RWD6LLR1P4SPHQIUGEJL"',
74 silly get     'content-type': 'application/json',
74 silly get     'cache-control': 'max-age=60',
74 silly get     'content-length': '146419',
74 silly get     'accept-ranges': 'bytes',
74 silly get     via: '1.1 varnish',
74 silly get     age: '0',
74 silly get     'x-served-by': 'cache-fra1242-FRA',
74 silly get     'x-cache': 'HIT',
74 silly get     'x-cache-hits': '1',
74 silly get     'x-timer': 'S1428301355.407632,VS0,VE732',
74 silly get     vary: 'Accept',
74 silly get     'keep-alive': 'timeout=10, max=50',
74 silly get     connection: 'Keep-Alive' } ]
75 verbose get saving nodemon to C:\Documents and Settings\Administrator\Application Data\npm-cache\registry.npmjs.org\nodemon\.cache.json
76 silly addNameRange number 2 { name: 'nodemon', range: '*', hasData: true }
77 silly addNameRange versions [ 'nodemon',
77 silly addNameRange   [ '0.1.4',
77 silly addNameRange     '0.1.5',
77 silly addNameRange     '0.1.6',
77 silly addNameRange     '0.1.7',
77 silly addNameRange     '0.1.8',
77 silly addNameRange     '0.2.0',
77 silly addNameRange     '0.2.1',
77 silly addNameRange     '0.2.2',
77 silly addNameRange     '0.3.0',
77 silly addNameRange     '0.3.1',
77 silly addNameRange     '0.3.2',
77 silly addNameRange     '0.4.0',
77 silly addNameRange     '0.4.1',
77 silly addNameRange     '0.5.0',
77 silly addNameRange     '0.5.1',
77 silly addNameRange     '0.5.2',
77 silly addNameRange     '0.5.3',
77 silly addNameRange     '0.5.4',
77 silly addNameRange     '0.5.5',
77 silly addNameRange     '0.5.6',
77 silly addNameRange     '0.5.7',
77 silly addNameRange     '0.6.0',
77 silly addNameRange     '0.6.1',
77 silly addNameRange     '0.6.2',
77 silly addNameRange     '0.6.3',
77 silly addNameRange     '0.6.4',
77 silly addNameRange     '0.6.5',
77 silly addNameRange     '0.6.6',
77 silly addNameRange     '0.6.7',
77 silly addNameRange     '0.6.8',
77 silly addNameRange     '0.6.9',
77 silly addNameRange     '0.6.10',
77 silly addNameRange     '0.6.11',
77 silly addNameRange     '0.6.12',
77 silly addNameRange     '0.6.13',
77 silly addNameRange     '0.6.14',
77 silly addNameRange     '0.6.15',
77 silly addNameRange     '0.6.16',
77 silly addNameRange     '0.6.17',
77 silly addNameRange     '0.6.18',
77 silly addNameRange     '0.6.19',
77 silly addNameRange     '0.6.20',
77 silly addNameRange     '0.6.21',
77 silly addNameRange     '0.6.22',
77 silly addNameRange     '0.6.23',
77 silly addNameRange     '0.7.0',
77 silly addNameRange     '0.7.1',
77 silly addNameRange     '0.7.2',
77 silly addNameRange     '0.7.3',
77 silly addNameRange     '0.7.4',
77 silly addNameRange     '0.7.5',
77 silly addNameRange     '0.7.6',
77 silly addNameRange     '0.7.7',
77 silly addNameRange     '0.7.8',
77 silly addNameRange     '0.7.10',
77 silly addNameRange     '0.9.0',
77 silly addNameRange     '0.9.1',
77 silly addNameRange     '0.9.2',
77 silly addNameRange     '0.9.3',
77 silly addNameRange     '0.9.5',
77 silly addNameRange     '0.9.6',
77 silly addNameRange     '0.9.7',
77 silly addNameRange     '0.9.10',
77 silly addNameRange     '0.9.11',
77 silly addNameRange     '0.9.12',
77 silly addNameRange     '0.9.14',
77 silly addNameRange     '0.9.16',
77 silly addNameRange     '0.9.17',
77 silly addNameRange     '1.0.0',
77 silly addNameRange     '1.0.1',
77 silly addNameRange     '1.0.2',
77 silly addNameRange     '1.0.2-rc',
77 silly addNameRange     '0.6.10-a',
77 silly addNameRange     '1.0.2-rc3',
77 silly addNameRange     '1.0.2-rc4',
77 silly addNameRange     '1.0.3',
77 silly addNameRange     '1.0.4',
77 silly addNameRange     '1.0.5',
77 silly addNameRange     '1.0.6',
77 silly addNameRange     '1.0.7',
77 silly addNameRange     '1.0.8',
77 silly addNameRange     '1.0.9',
77 silly addNameRange     '1.0.10',
77 silly addNameRange     '1.0.11',
77 silly addNameRange     '1.0.12',
77 silly addNameRange     '1.0.13',
77 silly addNameRange     '1.0.14',
77 silly addNameRange     '1.0.15',
77 silly addNameRange     '1.0.16',
77 silly addNameRange     '1.0.17-rc1',
77 silly addNameRange     '1.0.17-rc2',
77 silly addNameRange     '1.0.17',
77 silly addNameRange     '1.0.18',
77 silly addNameRange     '1.0.19',
77 silly addNameRange     '1.0.20',
77 silly addNameRange     '1.1.0-alpha',
77 silly addNameRange     '1.1.0',
77 silly addNameRange     '1.1.1',
77 silly addNameRange     '1.2.0',
77 silly addNameRange     '1.2.1',
77 silly addNameRange     '1.3.0-0',
77 silly addNameRange     '1.3.0-1',
77 silly addNameRange     '1.3.0-2',
77 silly addNameRange     '1.3.0-3',
77 silly addNameRange     '1.3.0-4',
77 silly addNameRange     '1.3.0-5',
77 silly addNameRange     '1.3.0-6',
77 silly addNameRange     '1.3.0-7',
77 silly addNameRange     '1.3.0',
77 silly addNameRange     '1.3.1',
77 silly addNameRange     '1.3.2',
77 silly addNameRange     '1.3.3',
77 silly addNameRange     '1.3.5',
77 silly addNameRange     '1.3.6',
77 silly addNameRange     '1.3.7' ] ]
78 verbose addNamed nodemon@1.3.7
79 silly addNamed semver.valid 1.3.7
80 silly addNamed semver.validRange 1.3.7
81 silly cache afterAdd nodemon@1.3.7
82 verbose afterAdd C:\Documents and Settings\Administrator\Application Data\npm-cache\nodemon\1.3.7\package\package.json not in flight; writing
83 verbose afterAdd C:\Documents and Settings\Administrator\Application Data\npm-cache\nodemon\1.3.7\package\package.json written
84 verbose stack Error: ENOENT, open 'D:\node\QR_try\-'
84 verbose stack     at Error (native)
85 verbose cwd D:\node\QR_try
86 error Windows_NT 5.2.3790
87 error argv "C:\\Program Files\\nodejs\\\\node.exe" "C:\\Program Files\\nodejs\\node_modules\\npm\\bin\\npm-cli.js" "install" "-" "g" "nodemon"
88 error node v0.12.0
89 error npm  v2.5.1
90 error path D:\node\QR_try\-
91 error code ENOENT
92 error errno -4058
93 error enoent ENOENT, open 'D:\node\QR_try\-'
93 error enoent This is most likely not a problem with npm itself
93 error enoent and is related to npm not being able to find a file.
94 verbose exit [ -4058, true ]
